\BOOKMARK [0][-]{chapter.1}{Einleitung}{}% 1
\BOOKMARK [0][-]{chapter.2}{Theorie}{}% 2
\BOOKMARK [1][-]{section.2.1}{Konstrukte}{chapter.2}% 3
\BOOKMARK [2][-]{subsection.2.1.1}{Aggressivit\344t und Aggression}{section.2.1}% 4
\BOOKMARK [2][-]{subsection.2.1.2}{H\344usliche Gewalt}{section.2.1}% 5
\BOOKMARK [2][-]{subsection.2.1.3}{Gewaltmythen}{section.2.1}% 6
\BOOKMARK [1][-]{section.2.2}{Theoretische Herleitung der Hypothesen}{chapter.2}% 7
\BOOKMARK [2][-]{subsection.2.2.1}{Hypothese 1}{section.2.2}% 8
\BOOKMARK [2][-]{subsection.2.2.2}{Hypothese 2}{section.2.2}% 9
\BOOKMARK [2][-]{subsection.2.2.3}{Hypothese 3}{section.2.2}% 10
\BOOKMARK [0][-]{chapter.3}{Methoden}{}% 11
\BOOKMARK [1][-]{section.3.1}{Stichprobenbeschreibung}{chapter.3}% 12
\BOOKMARK [1][-]{section.3.2}{Untersuchungsdesign}{chapter.3}% 13
\BOOKMARK [1][-]{section.3.3}{Operationalisierung der Konstrukte}{chapter.3}% 14
\BOOKMARK [1][-]{section.3.4}{Untersuchungsdurchf\374hrung}{chapter.3}% 15
\BOOKMARK [1][-]{section.3.5}{Auswertungsmethode}{chapter.3}% 16
\BOOKMARK [0][-]{chapter.4}{Ergebnisse}{}% 17
\BOOKMARK [1][-]{section.4.1}{Deskriptive Ergebnisse}{chapter.4}% 18
\BOOKMARK [1][-]{section.4.2}{Inferenzstatistische Ergebnisse}{chapter.4}% 19
\BOOKMARK [1][-]{section.4.3}{Explorative Ergebnisse}{chapter.4}% 20
\BOOKMARK [0][-]{chapter.5}{Diskussion}{}% 21
\BOOKMARK [1][-]{section.5.1}{Zusammenfassung der zentralen Ergebnisse}{chapter.5}% 22
\BOOKMARK [1][-]{section.5.2}{Einordnung und Diskussion der Befunde}{chapter.5}% 23
\BOOKMARK [1][-]{section.5.3}{Bewertung der Methode}{chapter.5}% 24
\BOOKMARK [1][-]{section.5.4}{Ausblick}{chapter.5}% 25
\BOOKMARK [0][-]{chapter*.2}{Literaturverzeichnis}{}% 26
\BOOKMARK [0][-]{appendix*.3}{Anhang A}{}% 27
\BOOKMARK [0][-]{appendix*.4}{Anhang B}{}% 28
